Sat Jun 13 00:52:33 UTC 2026
Sun Jun 14 03:54:09 UTC 2026
Mon Jun 15 04:06:13 UTC 2026
Tue Jun 16 03:56:08 UTC 2026
Wed Jun 17 03:57:06 UTC 2026
Thu Jun 18 03:44:13 UTC 2026
Fri Jun 19 04:07:56 UTC 2026
Sat Jun 20 03:31:02 UTC 2026
Sun Jun 21 04:01:30 UTC 2026
Mon Jun 22 04:02:41 UTC 2026
Tue Jun 23 03:24:10 UTC 2026
Wed Jun 24 03:25:44 UTC 2026
Thu Jun 25 03:23:28 UTC 2026
Fri Jun 26 03:31:49 UTC 2026
Sat Jun 27 02:54:40 UTC 2026
Sun Jun 28 03:37:20 UTC 2026
Mon Jun 29 03:41:50 UTC 2026
Tue Jun 30 03:30:04 UTC 2026
Wed Jul  1 03:38:46 UTC 2026
Thu Jul  2 03:24:19 UTC 2026
Fri Jul  3 02:47:10 UTC 2026
Sat Jul  4 02:43:13 UTC 2026
Sun Jul  5 02:53:41 UTC 2026
Mon Jul  6 03:20:39 UTC 2026
Tue Jul  7 02:54:04 UTC 2026
Wed Jul  8 02:30:52 UTC 2026
Thu Jul  9 02:48:06 UTC 2026
Fri Jul 10 02:50:44 UTC 2026
Sat Jul 11 02:28:36 UTC 2026
Sun Jul 12 02:33:56 UTC 2026
Mon Jul 13 02:35:34 UTC 2026
Tue Jul 14 02:20:22 UTC 2026
Wed Jul 15 02:12:42 UTC 2026
